<?xml version="1.0" encoding="UTF-8"?>
<testsuite xmlns:xsi="http://www.w3.org/2001/XMLSchema-instance" xsi:noNamespaceSchemaLocation="https://maven.apache.org/surefire/maven-surefire-plugin/xsd/surefire-test-report.xsd" name="io.swagger.api.CommentsApiControllerTest" time="1.088" tests="4" errors="0" skipped="0" failures="0">
  <properties>
[...]
</properties>
  <testcase name="testDeleteComment" classname="io.swagger.api.CommentsApiControllerTest" time="0.046"/>
  <testcase name="testGetCommentById" classname="io.swagger.api.CommentsApiControllerTest" time="0.022"/>
  <testcase name="testCreateComment" classname="io.swagger.api.CommentsApiControllerTest" time="0.029"/>
  <testcase name="testUpdateComment" classname="io.swagger.api.CommentsApiControllerTest" time="0.003"/>
</testsuite>